[ 2018-05-16T09:41:49+08:00 ] ::1 /thinkphp3/index.php
INFO: [ app_init ] --START--
INFO: Run Behavior\BuildLiteBehavior [ RunTime:0.000020s ]
INFO: [ app_init ] --END-- [ RunTime:0.001356s ]
INFO: [ app_begin ] --START--
INFO: Run Behavior\ReadHtmlCacheBehavior [ RunTime:0.000624s ]
INFO: [ app_begin ] --END-- [ RunTime:0.000696s ]
NOTIC: [2] session_start(): Cannot send session cookie - headers already sent by (output started at /Users/lijiafu000/night/thinkphp3/index.php:28) /Users/lijiafu000/night/thinkphp3/ThinkPHP/Common/functions.php 第 1420 行.
NOTIC: [2] session_start(): Cannot send session cache limiter - headers already sent (output started at /Users/lijiafu000/night/thinkphp3/index.php:28) /Users/lijiafu000/night/thinkphp3/ThinkPHP/Common/functions.php 第 1420 行.
INFO: [ view_parse ] --START--
INFO: Run Behavior\ParseTemplateBehavior [ RunTime:0.000374s ]
INFO: [ view_parse ] --END-- [ RunTime:0.000443s ]
INFO: [ view_filter ] --START--
INFO: Run Behavior\WriteHtmlCacheBehavior [ RunTime:0.000305s ]
INFO: [ view_filter ] --END-- [ RunTime:0.000355s ]
NOTIC: [2] Cannot modify header information - headers already sent by (output started at /Users/lijiafu000/night/thinkphp3/index.php:28) /Users/lijiafu000/night/thinkphp3/ThinkPHP/Library/Think/View.class.php 第 103 行.
NOTIC: [2] Cannot modify header information - headers already sent by (output started at /Users/lijiafu000/night/thinkphp3/index.php:28) /Users/lijiafu000/night/thinkphp3/ThinkPHP/Library/Think/View.class.php 第 104 行.
NOTIC: [2] Cannot modify header information - headers already sent by (output started at /Users/lijiafu000/night/thinkphp3/index.php:28) /Users/lijiafu000/night/thinkphp3/ThinkPHP/Library/Think/View.class.php 第 105 行.
INFO: [ app_end ] --START--
INFO: Run Behavior\ShowPageTraceBehavior [ RunTime:0.000564s ]
INFO: [ app_end ] --END-- [ RunTime:0.000614s ]

[ 2018-05-16T09:43:08+08:00 ] ::1 /thinkphp3/index.php
INFO: [ app_init ] --START--
INFO: Run Behavior\BuildLiteBehavior [ RunTime:0.000018s ]
INFO: [ app_init ] --END-- [ RunTime:0.000256s ]
INFO: [ app_begin ] --START--
INFO: Run Behavior\ReadHtmlCacheBehavior [ RunTime:0.000239s ]
INFO: [ app_begin ] --END-- [ RunTime:0.000289s ]
NOTIC: [2] session_start(): Cannot send session cookie - headers already sent by (output started at /Users/lijiafu000/night/thinkphp3/index.php:30) /Users/lijiafu000/night/thinkphp3/ThinkPHP/Common/functions.php 第 1420 行.
NOTIC: [2] session_start(): Cannot send session cache limiter - headers already sent (output started at /Users/lijiafu000/night/thinkphp3/index.php:30) /Users/lijiafu000/night/thinkphp3/ThinkPHP/Common/functions.php 第 1420 行.
INFO: [ view_parse ] --START--
INFO: Run Behavior\ParseTemplateBehavior [ RunTime:0.000146s ]
INFO: [ view_parse ] --END-- [ RunTime:0.000200s ]
INFO: [ view_filter ] --START--
INFO: Run Behavior\WriteHtmlCacheBehavior [ RunTime:0.000093s ]
INFO: [ view_filter ] --END-- [ RunTime:0.000138s ]
NOTIC: [2] Cannot modify header information - headers already sent by (output started at /Users/lijiafu000/night/thinkphp3/index.php:30) /Users/lijiafu000/night/thinkphp3/ThinkPHP/Library/Think/View.class.php 第 103 行.
NOTIC: [2] Cannot modify header information - headers already sent by (output started at /Users/lijiafu000/night/thinkphp3/index.php:30) /Users/lijiafu000/night/thinkphp3/ThinkPHP/Library/Think/View.class.php 第 104 行.
NOTIC: [2] Cannot modify header information - headers already sent by (output started at /Users/lijiafu000/night/thinkphp3/index.php:30) /Users/lijiafu000/night/thinkphp3/ThinkPHP/Library/Think/View.class.php 第 105 行.
INFO: [ app_end ] --START--
INFO: Run Behavior\ShowPageTraceBehavior [ RunTime:0.000334s ]
INFO: [ app_end ] --END-- [ RunTime:0.000380s ]

[ 2018-05-16T09:43:49+08:00 ] ::1 /thinkphp3/index.php
INFO: [ app_init ] --START--
INFO: Run Behavior\BuildLiteBehavior [ RunTime:0.000016s ]
INFO: [ app_init ] --END-- [ RunTime:0.000213s ]
INFO: [ app_begin ] --START--
INFO: Run Behavior\ReadHtmlCacheBehavior [ RunTime:0.000231s ]
INFO: [ app_begin ] --END-- [ RunTime:0.000281s ]
NOTIC: [2] session_start(): Cannot send session cookie - headers already sent by (output started at /Users/lijiafu000/night/thinkphp3/index.php:28) /Users/lijiafu000/night/thinkphp3/ThinkPHP/Common/functions.php 第 1420 行.
NOTIC: [2] session_start(): Cannot send session cache limiter - headers already sent (output started at /Users/lijiafu000/night/thinkphp3/index.php:28) /Users/lijiafu000/night/thinkphp3/ThinkPHP/Common/functions.php 第 1420 行.
INFO: [ view_parse ] --START--
INFO: Run Behavior\ParseTemplateBehavior [ RunTime:0.000122s ]
INFO: [ view_parse ] --END-- [ RunTime:0.000171s ]
INFO: [ view_filter ] --START--
INFO: Run Behavior\WriteHtmlCacheBehavior [ RunTime:0.000087s ]
INFO: [ view_filter ] --END-- [ RunTime:0.000129s ]
NOTIC: [2] Cannot modify header information - headers already sent by (output started at /Users/lijiafu000/night/thinkphp3/index.php:28) /Users/lijiafu000/night/thinkphp3/ThinkPHP/Library/Think/View.class.php 第 103 行.
NOTIC: [2] Cannot modify header information - headers already sent by (output started at /Users/lijiafu000/night/thinkphp3/index.php:28) /Users/lijiafu000/night/thinkphp3/ThinkPHP/Library/Think/View.class.php 第 104 行.
NOTIC: [2] Cannot modify header information - headers already sent by (output started at /Users/lijiafu000/night/thinkphp3/index.php:28) /Users/lijiafu000/night/thinkphp3/ThinkPHP/Library/Think/View.class.php 第 105 行.
INFO: [ app_end ] --START--
INFO: Run Behavior\ShowPageTraceBehavior [ RunTime:0.000249s ]
INFO: [ app_end ] --END-- [ RunTime:0.000294s ]

[ 2018-05-16T09:44:18+08:00 ] ::1 /thinkphp3/index.php
INFO: [ app_init ] --START--
INFO: Run Behavior\BuildLiteBehavior [ RunTime:0.000016s ]
INFO: [ app_init ] --END-- [ RunTime:0.000209s ]
INFO: [ app_begin ] --START--
INFO: Run Behavior\ReadHtmlCacheBehavior [ RunTime:0.000247s ]
INFO: [ app_begin ] --END-- [ RunTime:0.000295s ]
NOTIC: [2] session_start(): Cannot send session cookie - headers already sent by (output started at /Users/lijiafu000/night/thinkphp3/index.php:28) /Users/lijiafu000/night/thinkphp3/ThinkPHP/Common/functions.php 第 1420 行.
NOTIC: [2] session_start(): Cannot send session cache limiter - headers already sent (output started at /Users/lijiafu000/night/thinkphp3/index.php:28) /Users/lijiafu000/night/thinkphp3/ThinkPHP/Common/functions.php 第 1420 行.
INFO: [ view_parse ] --START--
INFO: Run Behavior\ParseTemplateBehavior [ RunTime:0.000145s ]
INFO: [ view_parse ] --END-- [ RunTime:0.000201s ]
INFO: [ view_filter ] --START--
INFO: Run Behavior\WriteHtmlCacheBehavior [ RunTime:0.000098s ]
INFO: [ view_filter ] --END-- [ RunTime:0.000143s ]
NOTIC: [2] Cannot modify header information - headers already sent by (output started at /Users/lijiafu000/night/thinkphp3/index.php:28) /Users/lijiafu000/night/thinkphp3/ThinkPHP/Library/Think/View.class.php 第 103 行.
NOTIC: [2] Cannot modify header information - headers already sent by (output started at /Users/lijiafu000/night/thinkphp3/index.php:28) /Users/lijiafu000/night/thinkphp3/ThinkPHP/Library/Think/View.class.php 第 104 行.
NOTIC: [2] Cannot modify header information - headers already sent by (output started at /Users/lijiafu000/night/thinkphp3/index.php:28) /Users/lijiafu000/night/thinkphp3/ThinkPHP/Library/Think/View.class.php 第 105 行.
INFO: [ app_end ] --START--
INFO: Run Behavior\ShowPageTraceBehavior [ RunTime:0.000286s ]
INFO: [ app_end ] --END-- [ RunTime:0.000369s ]

[ 2018-05-16T09:44:55+08:00 ] ::1 /thinkphp3/index.php
INFO: [ app_init ] --START--
INFO: Run Behavior\BuildLiteBehavior [ RunTime:0.000154s ]
INFO: [ app_init ] --END-- [ RunTime:0.000545s ]
INFO: [ app_begin ] --START--
INFO: Run Behavior\ReadHtmlCacheBehavior [ RunTime:0.000283s ]
INFO: [ app_begin ] --END-- [ RunTime:0.000337s ]
NOTIC: [2] session_start(): Cannot send session cookie - headers already sent by (output started at /Users/lijiafu000/night/thinkphp3/index.php:28) /Users/lijiafu000/night/thinkphp3/ThinkPHP/Common/functions.php 第 1420 行.
NOTIC: [2] session_start(): Cannot send session cache limiter - headers already sent (output started at /Users/lijiafu000/night/thinkphp3/index.php:28) /Users/lijiafu000/night/thinkphp3/ThinkPHP/Common/functions.php 第 1420 行.
INFO: [ view_parse ] --START--
INFO: Run Behavior\ParseTemplateBehavior [ RunTime:0.000153s ]
INFO: [ view_parse ] --END-- [ RunTime:0.000209s ]
INFO: [ view_filter ] --START--
INFO: Run Behavior\WriteHtmlCacheBehavior [ RunTime:0.000102s ]
INFO: [ view_filter ] --END-- [ RunTime:0.000147s ]
NOTIC: [2] Cannot modify header information - headers already sent by (output started at /Users/lijiafu000/night/thinkphp3/index.php:28) /Users/lijiafu000/night/thinkphp3/ThinkPHP/Library/Think/View.class.php 第 103 行.
NOTIC: [2] Cannot modify header information - headers already sent by (output started at /Users/lijiafu000/night/thinkphp3/index.php:28) /Users/lijiafu000/night/thinkphp3/ThinkPHP/Library/Think/View.class.php 第 104 行.
NOTIC: [2] Cannot modify header information - headers already sent by (output started at /Users/lijiafu000/night/thinkphp3/index.php:28) /Users/lijiafu000/night/thinkphp3/ThinkPHP/Library/Think/View.class.php 第 105 行.
INFO: [ app_end ] --START--
INFO: Run Behavior\ShowPageTraceBehavior [ RunTime:0.000333s ]
INFO: [ app_end ] --END-- [ RunTime:0.000402s ]

[ 2018-05-16T09:45:07+08:00 ] ::1 /thinkphp3/index.php
INFO: [ app_init ] --START--
INFO: Run Behavior\BuildLiteBehavior [ RunTime:0.000040s ]
INFO: [ app_init ] --END-- [ RunTime:0.000701s ]
INFO: [ app_begin ] --START--
INFO: Run Behavior\ReadHtmlCacheBehavior [ RunTime:0.000485s ]
INFO: [ app_begin ] --END-- [ RunTime:0.000582s ]
NOTIC: [2] session_start(): Cannot send session cookie - headers already sent by (output started at /Users/lijiafu000/night/thinkphp3/index.php:28) /Users/lijiafu000/night/thinkphp3/ThinkPHP/Common/functions.php 第 1420 行.
NOTIC: [2] session_start(): Cannot send session cache limiter - headers already sent (output started at /Users/lijiafu000/night/thinkphp3/index.php:28) /Users/lijiafu000/night/thinkphp3/ThinkPHP/Common/functions.php 第 1420 行.
INFO: [ view_parse ] --START--
INFO: Run Behavior\ParseTemplateBehavior [ RunTime:0.000155s ]
INFO: [ view_parse ] --END-- [ RunTime:0.000205s ]
INFO: [ view_filter ] --START--
INFO: Run Behavior\WriteHtmlCacheBehavior [ RunTime:0.000096s ]
INFO: [ view_filter ] --END-- [ RunTime:0.000137s ]
NOTIC: [2] Cannot modify header information - headers already sent by (output started at /Users/lijiafu000/night/thinkphp3/index.php:28) /Users/lijiafu000/night/thinkphp3/ThinkPHP/Library/Think/View.class.php 第 103 行.
NOTIC: [2] Cannot modify header information - headers already sent by (output started at /Users/lijiafu000/night/thinkphp3/index.php:28) /Users/lijiafu000/night/thinkphp3/ThinkPHP/Library/Think/View.class.php 第 104 行.
NOTIC: [2] Cannot modify header information - headers already sent by (output started at /Users/lijiafu000/night/thinkphp3/index.php:28) /Users/lijiafu000/night/thinkphp3/ThinkPHP/Library/Think/View.class.php 第 105 行.
INFO: [ app_end ] --START--
INFO: Run Behavior\ShowPageTraceBehavior [ RunTime:0.000315s ]
INFO: [ app_end ] --END-- [ RunTime:0.000406s ]

[ 2018-05-16T09:45:07+08:00 ] ::1 /thinkphp3/index.php
INFO: [ app_init ] --START--
INFO: Run Behavior\BuildLiteBehavior [ RunTime:0.000026s ]
INFO: [ app_init ] --END-- [ RunTime:0.000448s ]
INFO: [ app_begin ] --START--
INFO: Run Behavior\ReadHtmlCacheBehavior [ RunTime:0.000512s ]
INFO: [ app_begin ] --END-- [ RunTime:0.000613s ]
NOTIC: [2] session_start(): Cannot send session cookie - headers already sent by (output started at /Users/lijiafu000/night/thinkphp3/index.php:28) /Users/lijiafu000/night/thinkphp3/ThinkPHP/Common/functions.php 第 1420 行.
NOTIC: [2] session_start(): Cannot send session cache limiter - headers already sent (output started at /Users/lijiafu000/night/thinkphp3/index.php:28) /Users/lijiafu000/night/thinkphp3/ThinkPHP/Common/functions.php 第 1420 行.
INFO: [ view_parse ] --START--
INFO: Run Behavior\ParseTemplateBehavior [ RunTime:0.000262s ]
INFO: [ view_parse ] --END-- [ RunTime:0.000357s ]
INFO: [ view_filter ] --START--
INFO: Run Behavior\WriteHtmlCacheBehavior [ RunTime:0.000200s ]
INFO: [ view_filter ] --END-- [ RunTime:0.000292s ]
NOTIC: [2] Cannot modify header information - headers already sent by (output started at /Users/lijiafu000/night/thinkphp3/index.php:28) /Users/lijiafu000/night/thinkphp3/ThinkPHP/Library/Think/View.class.php 第 103 行.
NOTIC: [2] Cannot modify header information - headers already sent by (output started at /Users/lijiafu000/night/thinkphp3/index.php:28) /Users/lijiafu000/night/thinkphp3/ThinkPHP/Library/Think/View.class.php 第 104 行.
NOTIC: [2] Cannot modify header information - headers already sent by (output started at /Users/lijiafu000/night/thinkphp3/index.php:28) /Users/lijiafu000/night/thinkphp3/ThinkPHP/Library/Think/View.class.php 第 105 行.
INFO: [ app_end ] --START--
INFO: Run Behavior\ShowPageTraceBehavior [ RunTime:0.000524s ]
INFO: [ app_end ] --END-- [ RunTime:0.000593s ]

[ 2018-05-16T09:45:08+08:00 ] ::1 /thinkphp3/index.php
INFO: [ app_init ] --START--
INFO: Run Behavior\BuildLiteBehavior [ RunTime:0.000019s ]
INFO: [ app_init ] --END-- [ RunTime:0.000332s ]
INFO: [ app_begin ] --START--
INFO: Run Behavior\ReadHtmlCacheBehavior [ RunTime:0.000263s ]
INFO: [ app_begin ] --END-- [ RunTime:0.000320s ]
NOTIC: [2] session_start(): Cannot send session cookie - headers already sent by (output started at /Users/lijiafu000/night/thinkphp3/index.php:28) /Users/lijiafu000/night/thinkphp3/ThinkPHP/Common/functions.php 第 1420 行.
NOTIC: [2] session_start(): Cannot send session cache limiter - headers already sent (output started at /Users/lijiafu000/night/thinkphp3/index.php:28) /Users/lijiafu000/night/thinkphp3/ThinkPHP/Common/functions.php 第 1420 行.
INFO: [ view_parse ] --START--
INFO: Run Behavior\ParseTemplateBehavior [ RunTime:0.000138s ]
INFO: [ view_parse ] --END-- [ RunTime:0.000187s ]
INFO: [ view_filter ] --START--
INFO: Run Behavior\WriteHtmlCacheBehavior [ RunTime:0.000095s ]
INFO: [ view_filter ] --END-- [ RunTime:0.000137s ]
NOTIC: [2] Cannot modify header information - headers already sent by (output started at /Users/lijiafu000/night/thinkphp3/index.php:28) /Users/lijiafu000/night/thinkphp3/ThinkPHP/Library/Think/View.class.php 第 103 行.
NOTIC: [2] Cannot modify header information - headers already sent by (output started at /Users/lijiafu000/night/thinkphp3/index.php:28) /Users/lijiafu000/night/thinkphp3/ThinkPHP/Library/Think/View.class.php 第 104 行.
NOTIC: [2] Cannot modify header information - headers already sent by (output started at /Users/lijiafu000/night/thinkphp3/index.php:28) /Users/lijiafu000/night/thinkphp3/ThinkPHP/Library/Think/View.class.php 第 105 行.
INFO: [ app_end ] --START--
INFO: Run Behavior\ShowPageTraceBehavior [ RunTime:0.000276s ]
INFO: [ app_end ] --END-- [ RunTime:0.000324s ]

[ 2018-05-16T09:45:08+08:00 ] ::1 /thinkphp3/index.php
INFO: [ app_init ] --START--
INFO: Run Behavior\BuildLiteBehavior [ RunTime:0.000025s ]
INFO: [ app_init ] --END-- [ RunTime:0.000449s ]
INFO: [ app_begin ] --START--
INFO: Run Behavior\ReadHtmlCacheBehavior [ RunTime:0.000274s ]
INFO: [ app_begin ] --END-- [ RunTime:0.000328s ]
NOTIC: [2] session_start(): Cannot send session cookie - headers already sent by (output started at /Users/lijiafu000/night/thinkphp3/index.php:28) /Users/lijiafu000/night/thinkphp3/ThinkPHP/Common/functions.php 第 1420 行.
NOTIC: [2] session_start(): Cannot send session cache limiter - headers already sent (output started at /Users/lijiafu000/night/thinkphp3/index.php:28) /Users/lijiafu000/night/thinkphp3/ThinkPHP/Common/functions.php 第 1420 行.
INFO: [ view_parse ] --START--
INFO: Run Behavior\ParseTemplateBehavior [ RunTime:0.000139s ]
INFO: [ view_parse ] --END-- [ RunTime:0.000190s ]
INFO: [ view_filter ] --START--
INFO: Run Behavior\WriteHtmlCacheBehavior [ RunTime:0.000101s ]
INFO: [ view_filter ] --END-- [ RunTime:0.000146s ]
NOTIC: [2] Cannot modify header information - headers already sent by (output started at /Users/lijiafu000/night/thinkphp3/index.php:28) /Users/lijiafu000/night/thinkphp3/ThinkPHP/Library/Think/View.class.php 第 103 行.
NOTIC: [2] Cannot modify header information - headers already sent by (output started at /Users/lijiafu000/night/thinkphp3/index.php:28) /Users/lijiafu000/night/thinkphp3/ThinkPHP/Library/Think/View.class.php 第 104 行.
NOTIC: [2] Cannot modify header information - headers already sent by (output started at /Users/lijiafu000/night/thinkphp3/index.php:28) /Users/lijiafu000/night/thinkphp3/ThinkPHP/Library/Think/View.class.php 第 105 行.
INFO: [ app_end ] --START--
INFO: Run Behavior\ShowPageTraceBehavior [ RunTime:0.000283s ]
INFO: [ app_end ] --END-- [ RunTime:0.000330s ]

[ 2018-05-16T09:45:09+08:00 ] ::1 /thinkphp3/index.php
INFO: [ app_init ] --START--
INFO: Run Behavior\BuildLiteBehavior [ RunTime:0.000031s ]
INFO: [ app_init ] --END-- [ RunTime:0.000777s ]
INFO: [ app_begin ] --START--
INFO: Run Behavior\ReadHtmlCacheBehavior [ RunTime:0.000480s ]
INFO: [ app_begin ] --END-- [ RunTime:0.000578s ]
NOTIC: [2] session_start(): Cannot send session cookie - headers already sent by (output started at /Users/lijiafu000/night/thinkphp3/index.php:28) /Users/lijiafu000/night/thinkphp3/ThinkPHP/Common/functions.php 第 1420 行.
NOTIC: [2] session_start(): Cannot send session cache limiter - headers already sent (output started at /Users/lijiafu000/night/thinkphp3/index.php:28) /Users/lijiafu000/night/thinkphp3/ThinkPHP/Common/functions.php 第 1420 行.
INFO: [ view_parse ] --START--
INFO: Run Behavior\ParseTemplateBehavior [ RunTime:0.000250s ]
INFO: [ view_parse ] --END-- [ RunTime:0.000314s ]
INFO: [ view_filter ] --START--
INFO: Run Behavior\WriteHtmlCacheBehavior [ RunTime:0.000110s ]
INFO: [ view_filter ] --END-- [ RunTime:0.000153s ]
NOTIC: [2] Cannot modify header information - headers already sent by (output started at /Users/lijiafu000/night/thinkphp3/index.php:28) /Users/lijiafu000/night/thinkphp3/ThinkPHP/Library/Think/View.class.php 第 103 行.
NOTIC: [2] Cannot modify header information - headers already sent by (output started at /Users/lijiafu000/night/thinkphp3/index.php:28) /Users/lijiafu000/night/thinkphp3/ThinkPHP/Library/Think/View.class.php 第 104 行.
NOTIC: [2] Cannot modify header information - headers already sent by (output started at /Users/lijiafu000/night/thinkphp3/index.php:28) /Users/lijiafu000/night/thinkphp3/ThinkPHP/Library/Think/View.class.php 第 105 行.
INFO: [ app_end ] --START--
INFO: Run Behavior\ShowPageTraceBehavior [ RunTime:0.000285s ]
INFO: [ app_end ] --END-- [ RunTime:0.000332s ]

[ 2018-05-16T09:45:09+08:00 ] ::1 /thinkphp3/index.php
INFO: [ app_init ] --START--
INFO: Run Behavior\BuildLiteBehavior [ RunTime:0.000029s ]
INFO: [ app_init ] --END-- [ RunTime:0.000431s ]
INFO: [ app_begin ] --START--
INFO: Run Behavior\ReadHtmlCacheBehavior [ RunTime:0.000510s ]
INFO: [ app_begin ] --END-- [ RunTime:0.000613s ]
NOTIC: [2] session_start(): Cannot send session cookie - headers already sent by (output started at /Users/lijiafu000/night/thinkphp3/index.php:28) /Users/lijiafu000/night/thinkphp3/ThinkPHP/Common/functions.php 第 1420 行.
NOTIC: [2] session_start(): Cannot send session cache limiter - headers already sent (output started at /Users/lijiafu000/night/thinkphp3/index.php:28) /Users/lijiafu000/night/thinkphp3/ThinkPHP/Common/functions.php 第 1420 行.
INFO: [ view_parse ] --START--
INFO: Run Behavior\ParseTemplateBehavior [ RunTime:0.000272s ]
INFO: [ view_parse ] --END-- [ RunTime:0.000425s ]
INFO: [ view_filter ] --START--
INFO: Run Behavior\WriteHtmlCacheBehavior [ RunTime:0.000133s ]
INFO: [ view_filter ] --END-- [ RunTime:0.000181s ]
NOTIC: [2] Cannot modify header information - headers already sent by (output started at /Users/lijiafu000/night/thinkphp3/index.php:28) /Users/lijiafu000/night/thinkphp3/ThinkPHP/Library/Think/View.class.php 第 103 行.
NOTIC: [2] Cannot modify header information - headers already sent by (output started at /Users/lijiafu000/night/thinkphp3/index.php:28) /Users/lijiafu000/night/thinkphp3/ThinkPHP/Library/Think/View.class.php 第 104 行.
NOTIC: [2] Cannot modify header information - headers already sent by (output started at /Users/lijiafu000/night/thinkphp3/index.php:28) /Users/lijiafu000/night/thinkphp3/ThinkPHP/Library/Think/View.class.php 第 105 行.
INFO: [ app_end ] --START--
INFO: Run Behavior\ShowPageTraceBehavior [ RunTime:0.000472s ]
INFO: [ app_end ] --END-- [ RunTime:0.000547s ]

[ 2018-05-16T09:45:09+08:00 ] ::1 /thinkphp3/index.php
INFO: [ app_init ] --START--
INFO: Run Behavior\BuildLiteBehavior [ RunTime:0.000027s ]
INFO: [ app_init ] --END-- [ RunTime:0.000436s ]
INFO: [ app_begin ] --START--
INFO: Run Behavior\ReadHtmlCacheBehavior [ RunTime:0.000453s ]
INFO: [ app_begin ] --END-- [ RunTime:0.000545s ]
NOTIC: [2] session_start(): Cannot send session cookie - headers already sent by (output started at /Users/lijiafu000/night/thinkphp3/index.php:28) /Users/lijiafu000/night/thinkphp3/ThinkPHP/Common/functions.php 第 1420 行.
NOTIC: [2] session_start(): Cannot send session cache limiter - headers already sent (output started at /Users/lijiafu000/night/thinkphp3/index.php:28) /Users/lijiafu000/night/thinkphp3/ThinkPHP/Common/functions.php 第 1420 行.
INFO: [ view_parse ] --START--
INFO: Run Behavior\ParseTemplateBehavior [ RunTime:0.000235s ]
INFO: [ view_parse ] --END-- [ RunTime:0.000606s ]
INFO: [ view_filter ] --START--
INFO: Run Behavior\WriteHtmlCacheBehavior [ RunTime:0.000250s ]
INFO: [ view_filter ] --END-- [ RunTime:0.000333s ]
NOTIC: [2] Cannot modify header information - headers already sent by (output started at /Users/lijiafu000/night/thinkphp3/index.php:28) /Users/lijiafu000/night/thinkphp3/ThinkPHP/Library/Think/View.class.php 第 103 行.
NOTIC: [2] Cannot modify header information - headers already sent by (output started at /Users/lijiafu000/night/thinkphp3/index.php:28) /Users/lijiafu000/night/thinkphp3/ThinkPHP/Library/Think/View.class.php 第 104 行.
NOTIC: [2] Cannot modify header information - headers already sent by (output started at /Users/lijiafu000/night/thinkphp3/index.php:28) /Users/lijiafu000/night/thinkphp3/ThinkPHP/Library/Think/View.class.php 第 105 行.
INFO: [ app_end ] --START--
INFO: Run Behavior\ShowPageTraceBehavior [ RunTime:0.001045s ]
INFO: [ app_end ] --END-- [ RunTime:0.001118s ]

[ 2018-05-16T09:45:09+08:00 ] ::1 /thinkphp3/index.php
INFO: [ app_init ] --START--
INFO: Run Behavior\BuildLiteBehavior [ RunTime:0.000029s ]
INFO: [ app_init ] --END-- [ RunTime:0.000889s ]
INFO: [ app_begin ] --START--
INFO: Run Behavior\ReadHtmlCacheBehavior [ RunTime:0.000784s ]
INFO: [ app_begin ] --END-- [ RunTime:0.000884s ]
NOTIC: [2] session_start(): Cannot send session cookie - headers already sent by (output started at /Users/lijiafu000/night/thinkphp3/index.php:28) /Users/lijiafu000/night/thinkphp3/ThinkPHP/Common/functions.php 第 1420 行.
NOTIC: [2] session_start(): Cannot send session cache limiter - headers already sent (output started at /Users/lijiafu000/night/thinkphp3/index.php:28) /Users/lijiafu000/night/thinkphp3/ThinkPHP/Common/functions.php 第 1420 行.
INFO: [ view_parse ] --START--
INFO: Run Behavior\ParseTemplateBehavior [ RunTime:0.000217s ]
INFO: [ view_parse ] --END-- [ RunTime:0.000305s ]
INFO: [ view_filter ] --START--
INFO: Run Behavior\WriteHtmlCacheBehavior [ RunTime:0.000171s ]
INFO: [ view_filter ] --END-- [ RunTime:0.000250s ]
NOTIC: [2] Cannot modify header information - headers already sent by (output started at /Users/lijiafu000/night/thinkphp3/index.php:28) /Users/lijiafu000/night/thinkphp3/ThinkPHP/Library/Think/View.class.php 第 103 行.
NOTIC: [2] Cannot modify header information - headers already sent by (output started at /Users/lijiafu000/night/thinkphp3/index.php:28) /Users/lijiafu000/night/thinkphp3/ThinkPHP/Library/Think/View.class.php 第 104 行.
NOTIC: [2] Cannot modify header information - headers already sent by (output started at /Users/lijiafu000/night/thinkphp3/index.php:28) /Users/lijiafu000/night/thinkphp3/ThinkPHP/Library/Think/View.class.php 第 105 行.
INFO: [ app_end ] --START--
INFO: Run Behavior\ShowPageTraceBehavior [ RunTime:0.000689s ]
INFO: [ app_end ] --END-- [ RunTime:0.000942s ]

[ 2018-05-16T09:45:10+08:00 ] ::1 /thinkphp3/index.php
INFO: [ app_init ] --START--
INFO: Run Behavior\BuildLiteBehavior [ RunTime:0.000022s ]
INFO: [ app_init ] --END-- [ RunTime:0.000236s ]
INFO: [ app_begin ] --START--
INFO: Run Behavior\ReadHtmlCacheBehavior [ RunTime:0.000251s ]
INFO: [ app_begin ] --END-- [ RunTime:0.000303s ]
NOTIC: [2] session_start(): Cannot send session cookie - headers already sent by (output started at /Users/lijiafu000/night/thinkphp3/index.php:28) /Users/lijiafu000/night/thinkphp3/ThinkPHP/Common/functions.php 第 1420 行.
NOTIC: [2] session_start(): Cannot send session cache limiter - headers already sent (output started at /Users/lijiafu000/night/thinkphp3/index.php:28) /Users/lijiafu000/night/thinkphp3/ThinkPHP/Common/functions.php 第 1420 行.
INFO: [ view_parse ] --START--
INFO: Run Behavior\ParseTemplateBehavior [ RunTime:0.000132s ]
INFO: [ view_parse ] --END-- [ RunTime:0.000180s ]
INFO: [ view_filter ] --START--
INFO: Run Behavior\WriteHtmlCacheBehavior [ RunTime:0.000096s ]
INFO: [ view_filter ] --END-- [ RunTime:0.000138s ]
NOTIC: [2] Cannot modify header information - headers already sent by (output started at /Users/lijiafu000/night/thinkphp3/index.php:28) /Users/lijiafu000/night/thinkphp3/ThinkPHP/Library/Think/View.class.php 第 103 行.
NOTIC: [2] Cannot modify header information - headers already sent by (output started at /Users/lijiafu000/night/thinkphp3/index.php:28) /Users/lijiafu000/night/thinkphp3/ThinkPHP/Library/Think/View.class.php 第 104 行.
NOTIC: [2] Cannot modify header information - headers already sent by (output started at /Users/lijiafu000/night/thinkphp3/index.php:28) /Users/lijiafu000/night/thinkphp3/ThinkPHP/Library/Think/View.class.php 第 105 行.
INFO: [ app_end ] --START--
INFO: Run Behavior\ShowPageTraceBehavior [ RunTime:0.000451s ]
INFO: [ app_end ] --END-- [ RunTime:0.000524s ]

[ 2018-05-16T09:45:10+08:00 ] ::1 /thinkphp3/index.php
INFO: [ app_init ] --START--
INFO: Run Behavior\BuildLiteBehavior [ RunTime:0.000160s ]
INFO: [ app_init ] --END-- [ RunTime:0.000508s ]
INFO: [ app_begin ] --START--
INFO: Run Behavior\ReadHtmlCacheBehavior [ RunTime:0.000297s ]
INFO: [ app_begin ] --END-- [ RunTime:0.000353s ]
NOTIC: [2] session_start(): Cannot send session cookie - headers already sent by (output started at /Users/lijiafu000/night/thinkphp3/index.php:28) /Users/lijiafu000/night/thinkphp3/ThinkPHP/Common/functions.php 第 1420 行.
NOTIC: [2] session_start(): Cannot send session cache limiter - headers already sent (output started at /Users/lijiafu000/night/thinkphp3/index.php:28) /Users/lijiafu000/night/thinkphp3/ThinkPHP/Common/functions.php 第 1420 行.
INFO: [ view_parse ] --START--
INFO: Run Behavior\ParseTemplateBehavior [ RunTime:0.000136s ]
INFO: [ view_parse ] --END-- [ RunTime:0.000185s ]
INFO: [ view_filter ] --START--
INFO: Run Behavior\WriteHtmlCacheBehavior [ RunTime:0.000098s ]
INFO: [ view_filter ] --END-- [ RunTime:0.000140s ]
NOTIC: [2] Cannot modify header information - headers already sent by (output started at /Users/lijiafu000/night/thinkphp3/index.php:28) /Users/lijiafu000/night/thinkphp3/ThinkPHP/Library/Think/View.class.php 第 103 行.
NOTIC: [2] Cannot modify header information - headers already sent by (output started at /Users/lijiafu000/night/thinkphp3/index.php:28) /Users/lijiafu000/night/thinkphp3/ThinkPHP/Library/Think/View.class.php 第 104 行.
NOTIC: [2] Cannot modify header information - headers already sent by (output started at /Users/lijiafu000/night/thinkphp3/index.php:28) /Users/lijiafu000/night/thinkphp3/ThinkPHP/Library/Think/View.class.php 第 105 行.
INFO: [ app_end ] --START--
INFO: Run Behavior\ShowPageTraceBehavior [ RunTime:0.000290s ]
INFO: [ app_end ] --END-- [ RunTime:0.000337s ]

[ 2018-05-16T09:45:10+08:00 ] ::1 /thinkphp3/index.php
INFO: [ app_init ] --START--
INFO: Run Behavior\BuildLiteBehavior [ RunTime:0.000018s ]
INFO: [ app_init ] --END-- [ RunTime:0.000276s ]
INFO: [ app_begin ] --START--
INFO: Run Behavior\ReadHtmlCacheBehavior [ RunTime:0.000422s ]
INFO: [ app_begin ] --END-- [ RunTime:0.000552s ]
NOTIC: [2] session_start(): Cannot send session cookie - headers already sent by (output started at /Users/lijiafu000/night/thinkphp3/index.php:28) /Users/lijiafu000/night/thinkphp3/ThinkPHP/Common/functions.php 第 1420 行.
NOTIC: [2] session_start(): Cannot send session cache limiter - headers already sent (output started at /Users/lijiafu000/night/thinkphp3/index.php:28) /Users/lijiafu000/night/thinkphp3/ThinkPHP/Common/functions.php 第 1420 行.
INFO: [ view_parse ] --START--
INFO: Run Behavior\ParseTemplateBehavior [ RunTime:0.000134s ]
INFO: [ view_parse ] --END-- [ RunTime:0.000183s ]
INFO: [ view_filter ] --START--
INFO: Run Behavior\WriteHtmlCacheBehavior [ RunTime:0.000098s ]
INFO: [ view_filter ] --END-- [ RunTime:0.000140s ]
NOTIC: [2] Cannot modify header information - headers already sent by (output started at /Users/lijiafu000/night/thinkphp3/index.php:28) /Users/lijiafu000/night/thinkphp3/ThinkPHP/Library/Think/View.class.php 第 103 行.
NOTIC: [2] Cannot modify header information - headers already sent by (output started at /Users/lijiafu000/night/thinkphp3/index.php:28) /Users/lijiafu000/night/thinkphp3/ThinkPHP/Library/Think/View.class.php 第 104 行.
NOTIC: [2] Cannot modify header information - headers already sent by (output started at /Users/lijiafu000/night/thinkphp3/index.php:28) /Users/lijiafu000/night/thinkphp3/ThinkPHP/Library/Think/View.class.php 第 105 行.
INFO: [ app_end ] --START--
INFO: Run Behavior\ShowPageTraceBehavior [ RunTime:0.000278s ]
INFO: [ app_end ] --END-- [ RunTime:0.000325s ]

[ 2018-05-16T09:45:10+08:00 ] ::1 /thinkphp3/index.php
INFO: [ app_init ] --START--
INFO: Run Behavior\BuildLiteBehavior [ RunTime:0.000019s ]
INFO: [ app_init ] --END-- [ RunTime:0.000272s ]
INFO: [ app_begin ] --START--
INFO: Run Behavior\ReadHtmlCacheBehavior [ RunTime:0.000285s ]
INFO: [ app_begin ] --END-- [ RunTime:0.000344s ]
NOTIC: [2] session_start(): Cannot send session cookie - headers already sent by (output started at /Users/lijiafu000/night/thinkphp3/index.php:28) /Users/lijiafu000/night/thinkphp3/ThinkPHP/Common/functions.php 第 1420 行.
NOTIC: [2] session_start(): Cannot send session cache limiter - headers already sent (output started at /Users/lijiafu000/night/thinkphp3/index.php:28) /Users/lijiafu000/night/thinkphp3/ThinkPHP/Common/functions.php 第 1420 行.
INFO: [ view_parse ] --START--
INFO: Run Behavior\ParseTemplateBehavior [ RunTime:0.000134s ]
INFO: [ view_parse ] --END-- [ RunTime:0.000187s ]
INFO: [ view_filter ] --START--
INFO: Run Behavior\WriteHtmlCacheBehavior [ RunTime:0.000103s ]
INFO: [ view_filter ] --END-- [ RunTime:0.000147s ]
NOTIC: [2] Cannot modify header information - headers already sent by (output started at /Users/lijiafu000/night/thinkphp3/index.php:28) /Users/lijiafu000/night/thinkphp3/ThinkPHP/Library/Think/View.class.php 第 103 行.
NOTIC: [2] Cannot modify header information - headers already sent by (output started at /Users/lijiafu000/night/thinkphp3/index.php:28) /Users/lijiafu000/night/thinkphp3/ThinkPHP/Library/Think/View.class.php 第 104 行.
NOTIC: [2] Cannot modify header information - headers already sent by (output started at /Users/lijiafu000/night/thinkphp3/index.php:28) /Users/lijiafu000/night/thinkphp3/ThinkPHP/Library/Think/View.class.php 第 105 行.
INFO: [ app_end ] --START--
INFO: Run Behavior\ShowPageTraceBehavior [ RunTime:0.000318s ]
INFO: [ app_end ] --END-- [ RunTime:0.000366s ]

[ 2018-05-16T09:45:11+08:00 ] ::1 /thinkphp3/index.php
INFO: [ app_init ] --START--
INFO: Run Behavior\BuildLiteBehavior [ RunTime:0.000020s ]
INFO: [ app_init ] --END-- [ RunTime:0.000446s ]
INFO: [ app_begin ] --START--
INFO: Run Behavior\ReadHtmlCacheBehavior [ RunTime:0.000290s ]
INFO: [ app_begin ] --END-- [ RunTime:0.000351s ]
NOTIC: [2] session_start(): Cannot send session cookie - headers already sent by (output started at /Users/lijiafu000/night/thinkphp3/index.php:28) /Users/lijiafu000/night/thinkphp3/ThinkPHP/Common/functions.php 第 1420 行.
NOTIC: [2] session_start(): Cannot send session cache limiter - headers already sent (output started at /Users/lijiafu000/night/thinkphp3/index.php:28) /Users/lijiafu000/night/thinkphp3/ThinkPHP/Common/functions.php 第 1420 行.
INFO: [ view_parse ] --START--
INFO: Run Behavior\ParseTemplateBehavior [ RunTime:0.000137s ]
INFO: [ view_parse ] --END-- [ RunTime:0.000189s ]
INFO: [ view_filter ] --START--
INFO: Run Behavior\WriteHtmlCacheBehavior [ RunTime:0.000097s ]
INFO: [ view_filter ] --END-- [ RunTime:0.000141s ]
NOTIC: [2] Cannot modify header information - headers already sent by (output started at /Users/lijiafu000/night/thinkphp3/index.php:28) /Users/lijiafu000/night/thinkphp3/ThinkPHP/Library/Think/View.class.php 第 103 行.
NOTIC: [2] Cannot modify header information - headers already sent by (output started at /Users/lijiafu000/night/thinkphp3/index.php:28) /Users/lijiafu000/night/thinkphp3/ThinkPHP/Library/Think/View.class.php 第 104 行.
NOTIC: [2] Cannot modify header information - headers already sent by (output started at /Users/lijiafu000/night/thinkphp3/index.php:28) /Users/lijiafu000/night/thinkphp3/ThinkPHP/Library/Think/View.class.php 第 105 行.
INFO: [ app_end ] --START--
INFO: Run Behavior\ShowPageTraceBehavior [ RunTime:0.000282s ]
INFO: [ app_end ] --END-- [ RunTime:0.000329s ]

[ 2018-05-16T09:45:11+08:00 ] ::1 /thinkphp3/index.php
INFO: [ app_init ] --START--
INFO: Run Behavior\BuildLiteBehavior [ RunTime:0.000095s ]
INFO: [ app_init ] --END-- [ RunTime:0.000520s ]
INFO: [ app_begin ] --START--
INFO: Run Behavior\ReadHtmlCacheBehavior [ RunTime:0.000855s ]
INFO: [ app_begin ] --END-- [ RunTime:0.001059s ]
NOTIC: [2] session_start(): Cannot send session cookie - headers already sent by (output started at /Users/lijiafu000/night/thinkphp3/index.php:28) /Users/lijiafu000/night/thinkphp3/ThinkPHP/Common/functions.php 第 1420 行.
NOTIC: [2] session_start(): Cannot send session cache limiter - headers already sent (output started at /Users/lijiafu000/night/thinkphp3/index.php:28) /Users/lijiafu000/night/thinkphp3/ThinkPHP/Common/functions.php 第 1420 行.
INFO: [ view_parse ] --START--
INFO: Run Behavior\ParseTemplateBehavior [ RunTime:0.000150s ]
INFO: [ view_parse ] --END-- [ RunTime:0.000204s ]
INFO: [ view_filter ] --START--
INFO: Run Behavior\WriteHtmlCacheBehavior [ RunTime:0.000104s ]
INFO: [ view_filter ] --END-- [ RunTime:0.000146s ]
NOTIC: [2] Cannot modify header information - headers already sent by (output started at /Users/lijiafu000/night/thinkphp3/index.php:28) /Users/lijiafu000/night/thinkphp3/ThinkPHP/Library/Think/View.class.php 第 103 行.
NOTIC: [2] Cannot modify header information - headers already sent by (output started at /Users/lijiafu000/night/thinkphp3/index.php:28) /Users/lijiafu000/night/thinkphp3/ThinkPHP/Library/Think/View.class.php 第 104 行.
NOTIC: [2] Cannot modify header information - headers already sent by (output started at /Users/lijiafu000/night/thinkphp3/index.php:28) /Users/lijiafu000/night/thinkphp3/ThinkPHP/Library/Think/View.class.php 第 105 行.
INFO: [ app_end ] --START--
INFO: Run Behavior\ShowPageTraceBehavior [ RunTime:0.000289s ]
INFO: [ app_end ] --END-- [ RunTime:0.000338s ]

[ 2018-05-16T09:45:11+08:00 ] ::1 /thinkphp3/index.php
INFO: [ app_init ] --START--
INFO: Run Behavior\BuildLiteBehavior [ RunTime:0.000017s ]
INFO: [ app_init ] --END-- [ RunTime:0.000248s ]
INFO: [ app_begin ] --START--
INFO: Run Behavior\ReadHtmlCacheBehavior [ RunTime:0.000261s ]
INFO: [ app_begin ] --END-- [ RunTime:0.000313s ]
NOTIC: [2] session_start(): Cannot send session cookie - headers already sent by (output started at /Users/lijiafu000/night/thinkphp3/index.php:28) /Users/lijiafu000/night/thinkphp3/ThinkPHP/Common/functions.php 第 1420 行.
NOTIC: [2] session_start(): Cannot send session cache limiter - headers already sent (output started at /Users/lijiafu000/night/thinkphp3/index.php:28) /Users/lijiafu000/night/thinkphp3/ThinkPHP/Common/functions.php 第 1420 行.
INFO: [ view_parse ] --START--
INFO: Run Behavior\ParseTemplateBehavior [ RunTime:0.000136s ]
INFO: [ view_parse ] --END-- [ RunTime:0.000269s ]
INFO: [ view_filter ] --START--
INFO: Run Behavior\WriteHtmlCacheBehavior [ RunTime:0.000172s ]
INFO: [ view_filter ] --END-- [ RunTime:0.000265s ]
NOTIC: [2] Cannot modify header information - headers already sent by (output started at /Users/lijiafu000/night/thinkphp3/index.php:28) /Users/lijiafu000/night/thinkphp3/ThinkPHP/Library/Think/View.class.php 第 103 行.
NOTIC: [2] Cannot modify header information - headers already sent by (output started at /Users/lijiafu000/night/thinkphp3/index.php:28) /Users/lijiafu000/night/thinkphp3/ThinkPHP/Library/Think/View.class.php 第 104 行.
NOTIC: [2] Cannot modify header information - headers already sent by (output started at /Users/lijiafu000/night/thinkphp3/index.php:28) /Users/lijiafu000/night/thinkphp3/ThinkPHP/Library/Think/View.class.php 第 105 行.
INFO: [ app_end ] --START--
INFO: Run Behavior\ShowPageTraceBehavior [ RunTime:0.000590s ]
INFO: [ app_end ] --END-- [ RunTime:0.000682s ]

[ 2018-05-16T09:45:39+08:00 ] ::1 /thinkphp3/index.php
INFO: [ app_init ] --START--
INFO: Run Behavior\BuildLiteBehavior [ RunTime:0.000016s ]
INFO: [ app_init ] --END-- [ RunTime:0.000217s ]
INFO: [ app_begin ] --START--
INFO: Run Behavior\ReadHtmlCacheBehavior [ RunTime:0.000235s ]
INFO: [ app_begin ] --END-- [ RunTime:0.000283s ]
INFO: [ view_parse ] --START--
INFO: Run Behavior\ParseTemplateBehavior [ RunTime:0.000127s ]
INFO: [ view_parse ] --END-- [ RunTime:0.000176s ]
INFO: [ view_filter ] --START--
INFO: Run Behavior\WriteHtmlCacheBehavior [ RunTime:0.000120s ]
INFO: [ view_filter ] --END-- [ RunTime:0.000165s ]
INFO: [ app_end ] --START--
INFO: Run Behavior\ShowPageTraceBehavior [ RunTime:0.000256s ]
INFO: [ app_end ] --END-- [ RunTime:0.000302s ]

[ 2018-05-16T10:02:04+08:00 ] ::1 /thinkphp3/index.php
INFO: [ app_init ] --START--
INFO: Run Behavior\BuildLiteBehavior [ RunTime:0.000014s ]
INFO: [ app_init ] --END-- [ RunTime:0.000205s ]
INFO: [ app_begin ] --START--
INFO: Run Behavior\ReadHtmlCacheBehavior [ RunTime:0.000333s ]
INFO: [ app_begin ] --END-- [ RunTime:0.000392s ]
NOTIC: [2] session_start(): Cannot send session cache limiter - headers already sent (output started at /Users/lijiafu000/night/thinkphp3/index.php:29) /Users/lijiafu000/night/thinkphp3/ThinkPHP/Common/functions.php 第 1420 行.
INFO: [ view_parse ] --START--
INFO: Run Behavior\ParseTemplateBehavior [ RunTime:0.000141s ]
INFO: [ view_parse ] --END-- [ RunTime:0.000190s ]
INFO: [ view_filter ] --START--
INFO: Run Behavior\WriteHtmlCacheBehavior [ RunTime:0.000097s ]
INFO: [ view_filter ] --END-- [ RunTime:0.000140s ]
NOTIC: [2] Cannot modify header information - headers already sent by (output started at /Users/lijiafu000/night/thinkphp3/index.php:29) /Users/lijiafu000/night/thinkphp3/ThinkPHP/Library/Think/View.class.php 第 103 行.
NOTIC: [2] Cannot modify header information - headers already sent by (output started at /Users/lijiafu000/night/thinkphp3/index.php:29) /Users/lijiafu000/night/thinkphp3/ThinkPHP/Library/Think/View.class.php 第 104 行.
NOTIC: [2] Cannot modify header information - headers already sent by (output started at /Users/lijiafu000/night/thinkphp3/index.php:29) /Users/lijiafu000/night/thinkphp3/ThinkPHP/Library/Think/View.class.php 第 105 行.
INFO: [ app_end ] --START--
INFO: Run Behavior\ShowPageTraceBehavior [ RunTime:0.000261s ]
INFO: [ app_end ] --END-- [ RunTime:0.000307s ]

[ 2018-05-16T10:02:51+08:00 ] ::1 /thinkphp3/index.php
INFO: [ app_init ] --START--
INFO: Run Behavior\BuildLiteBehavior [ RunTime:0.000015s ]
INFO: [ app_init ] --END-- [ RunTime:0.000207s ]
INFO: [ app_begin ] --START--
INFO: Run Behavior\ReadHtmlCacheBehavior [ RunTime:0.000235s ]
INFO: [ app_begin ] --END-- [ RunTime:0.000312s ]
NOTIC: [2] session_start(): Cannot send session cache limiter - headers already sent (output started at /Users/lijiafu000/night/thinkphp3/index.php:29) /Users/lijiafu000/night/thinkphp3/ThinkPHP/Common/functions.php 第 1420 行.
INFO: [ view_parse ] --START--
INFO: Run Behavior\ParseTemplateBehavior [ RunTime:0.000231s ]
INFO: [ view_parse ] --END-- [ RunTime:0.000292s ]
INFO: [ view_filter ] --START--
INFO: Run Behavior\WriteHtmlCacheBehavior [ RunTime:0.000132s ]
INFO: [ view_filter ] --END-- [ RunTime:0.000201s ]
NOTIC: [2] Cannot modify header information - headers already sent by (output started at /Users/lijiafu000/night/thinkphp3/index.php:29) /Users/lijiafu000/night/thinkphp3/ThinkPHP/Library/Think/View.class.php 第 103 行.
NOTIC: [2] Cannot modify header information - headers already sent by (output started at /Users/lijiafu000/night/thinkphp3/index.php:29) /Users/lijiafu000/night/thinkphp3/ThinkPHP/Library/Think/View.class.php 第 104 行.
NOTIC: [2] Cannot modify header information - headers already sent by (output started at /Users/lijiafu000/night/thinkphp3/index.php:29) /Users/lijiafu000/night/thinkphp3/ThinkPHP/Library/Think/View.class.php 第 105 行.
INFO: [ app_end ] --START--
INFO: Run Behavior\ShowPageTraceBehavior [ RunTime:0.000272s ]
INFO: [ app_end ] --END-- [ RunTime:0.000321s ]

[ 2018-05-16T10:03:42+08:00 ] ::1 /thinkphp3/index.php
INFO: [ app_init ] --START--
INFO: Run Behavior\BuildLiteBehavior [ RunTime:0.000025s ]
INFO: [ app_init ] --END-- [ RunTime:0.000243s ]
INFO: [ app_begin ] --START--
INFO: Run Behavior\ReadHtmlCacheBehavior [ RunTime:0.000347s ]
INFO: [ app_begin ] --END-- [ RunTime:0.000429s ]
NOTIC: [2] session_start(): Cannot send session cache limiter - headers already sent (output started at /Users/lijiafu000/night/thinkphp3/index.php:29) /Users/lijiafu000/night/thinkphp3/ThinkPHP/Common/functions.php 第 1420 行.
INFO: [ view_parse ] --START--
INFO: Run Behavior\ParseTemplateBehavior [ RunTime:0.000220s ]
INFO: [ view_parse ] --END-- [ RunTime:0.000306s ]
INFO: [ view_filter ] --START--
INFO: Run Behavior\WriteHtmlCacheBehavior [ RunTime:0.000185s ]
INFO: [ view_filter ] --END-- [ RunTime:0.000270s ]
NOTIC: [2] Cannot modify header information - headers already sent by (output started at /Users/lijiafu000/night/thinkphp3/index.php:29) /Users/lijiafu000/night/thinkphp3/ThinkPHP/Library/Think/View.class.php 第 103 行.
NOTIC: [2] Cannot modify header information - headers already sent by (output started at /Users/lijiafu000/night/thinkphp3/index.php:29) /Users/lijiafu000/night/thinkphp3/ThinkPHP/Library/Think/View.class.php 第 104 行.
NOTIC: [2] Cannot modify header information - headers already sent by (output started at /Users/lijiafu000/night/thinkphp3/index.php:29) /Users/lijiafu000/night/thinkphp3/ThinkPHP/Library/Think/View.class.php 第 105 行.
INFO: [ app_end ] --START--
INFO: Run Behavior\ShowPageTraceBehavior [ RunTime:0.000442s ]
INFO: [ app_end ] --END-- [ RunTime:0.000529s ]

[ 2018-05-16T10:03:42+08:00 ] ::1 /thinkphp3/index.php
INFO: [ app_init ] --START--
INFO: Run Behavior\BuildLiteBehavior [ RunTime:0.000024s ]
INFO: [ app_init ] --END-- [ RunTime:0.000349s ]
INFO: [ app_begin ] --START--
INFO: Run Behavior\ReadHtmlCacheBehavior [ RunTime:0.000588s ]
INFO: [ app_begin ] --END-- [ RunTime:0.000680s ]
NOTIC: [2] session_start(): Cannot send session cache limiter - headers already sent (output started at /Users/lijiafu000/night/thinkphp3/index.php:29) /Users/lijiafu000/night/thinkphp3/ThinkPHP/Common/functions.php 第 1420 行.
INFO: [ view_parse ] --START--
INFO: Run Behavior\ParseTemplateBehavior [ RunTime:0.000303s ]
INFO: [ view_parse ] --END-- [ RunTime:0.000370s ]
INFO: [ view_filter ] --START--
INFO: Run Behavior\WriteHtmlCacheBehavior [ RunTime:0.000093s ]
INFO: [ view_filter ] --END-- [ RunTime:0.000136s ]
NOTIC: [2] Cannot modify header information - headers already sent by (output started at /Users/lijiafu000/night/thinkphp3/index.php:29) /Users/lijiafu000/night/thinkphp3/ThinkPHP/Library/Think/View.class.php 第 103 行.
NOTIC: [2] Cannot modify header information - headers already sent by (output started at /Users/lijiafu000/night/thinkphp3/index.php:29) /Users/lijiafu000/night/thinkphp3/ThinkPHP/Library/Think/View.class.php 第 104 行.
NOTIC: [2] Cannot modify header information - headers already sent by (output started at /Users/lijiafu000/night/thinkphp3/index.php:29) /Users/lijiafu000/night/thinkphp3/ThinkPHP/Library/Think/View.class.php 第 105 行.
INFO: [ app_end ] --START--
INFO: Run Behavior\ShowPageTraceBehavior [ RunTime:0.000264s ]
INFO: [ app_end ] --END-- [ RunTime:0.000311s ]

[ 2018-05-16T10:03:42+08:00 ] ::1 /thinkphp3/index.php
INFO: [ app_init ] --START--
INFO: Run Behavior\BuildLiteBehavior [ RunTime:0.000033s ]
INFO: [ app_init ] --END-- [ RunTime:0.000519s ]
INFO: [ app_begin ] --START--
INFO: Run Behavior\ReadHtmlCacheBehavior [ RunTime:0.000438s ]
INFO: [ app_begin ] --END-- [ RunTime:0.000515s ]
NOTIC: [2] session_start(): Cannot send session cache limiter - headers already sent (output started at /Users/lijiafu000/night/thinkphp3/index.php:29) /Users/lijiafu000/night/thinkphp3/ThinkPHP/Common/functions.php 第 1420 行.
INFO: [ view_parse ] --START--
INFO: Run Behavior\ParseTemplateBehavior [ RunTime:0.000142s ]
INFO: [ view_parse ] --END-- [ RunTime:0.000193s ]
INFO: [ view_filter ] --START--
INFO: Run Behavior\WriteHtmlCacheBehavior [ RunTime:0.000094s ]
INFO: [ view_filter ] --END-- [ RunTime:0.000142s ]
NOTIC: [2] Cannot modify header information - headers already sent by (output started at /Users/lijiafu000/night/thinkphp3/index.php:29) /Users/lijiafu000/night/thinkphp3/ThinkPHP/Library/Think/View.class.php 第 103 行.
NOTIC: [2] Cannot modify header information - headers already sent by (output started at /Users/lijiafu000/night/thinkphp3/index.php:29) /Users/lijiafu000/night/thinkphp3/ThinkPHP/Library/Think/View.class.php 第 104 行.
NOTIC: [2] Cannot modify header information - headers already sent by (output started at /Users/lijiafu000/night/thinkphp3/index.php:29) /Users/lijiafu000/night/thinkphp3/ThinkPHP/Library/Think/View.class.php 第 105 行.
INFO: [ app_end ] --START--
INFO: Run Behavior\ShowPageTraceBehavior [ RunTime:0.000383s ]
INFO: [ app_end ] --END-- [ RunTime:0.000521s ]

[ 2018-05-16T10:04:11+08:00 ] ::1 /thinkphp3/index.php
INFO: [ app_init ] --START--
INFO: Run Behavior\BuildLiteBehavior [ RunTime:0.000037s ]
INFO: [ app_init ] --END-- [ RunTime:0.000452s ]
INFO: [ app_begin ] --START--
INFO: Run Behavior\ReadHtmlCacheBehavior [ RunTime:0.000376s ]
INFO: [ app_begin ] --END-- [ RunTime:0.000463s ]
NOTIC: [2] session_start(): Cannot send session cache limiter - headers already sent (output started at /Users/lijiafu000/night/thinkphp3/index.php:27) /Users/lijiafu000/night/thinkphp3/ThinkPHP/Common/functions.php 第 1420 行.
INFO: [ view_parse ] --START--
INFO: Run Behavior\ParseTemplateBehavior [ RunTime:0.000158s ]
INFO: [ view_parse ] --END-- [ RunTime:0.000212s ]
INFO: [ view_filter ] --START--
INFO: Run Behavior\WriteHtmlCacheBehavior [ RunTime:0.000101s ]
INFO: [ view_filter ] --END-- [ RunTime:0.000145s ]
NOTIC: [2] Cannot modify header information - headers already sent by (output started at /Users/lijiafu000/night/thinkphp3/index.php:27) /Users/lijiafu000/night/thinkphp3/ThinkPHP/Library/Think/View.class.php 第 103 行.
NOTIC: [2] Cannot modify header information - headers already sent by (output started at /Users/lijiafu000/night/thinkphp3/index.php:27) /Users/lijiafu000/night/thinkphp3/ThinkPHP/Library/Think/View.class.php 第 104 行.
NOTIC: [2] Cannot modify header information - headers already sent by (output started at /Users/lijiafu000/night/thinkphp3/index.php:27) /Users/lijiafu000/night/thinkphp3/ThinkPHP/Library/Think/View.class.php 第 105 行.
INFO: [ app_end ] --START--
INFO: Run Behavior\ShowPageTraceBehavior [ RunTime:0.000295s ]
INFO: [ app_end ] --END-- [ RunTime:0.000343s ]

[ 2018-05-16T10:04:13+08:00 ] ::1 /thinkphp3/index.php
INFO: [ app_init ] --START--
INFO: Run Behavior\BuildLiteBehavior [ RunTime:0.000015s ]
INFO: [ app_init ] --END-- [ RunTime:0.000209s ]
INFO: [ app_begin ] --START--
INFO: Run Behavior\ReadHtmlCacheBehavior [ RunTime:0.000237s ]
INFO: [ app_begin ] --END-- [ RunTime:0.000287s ]
NOTIC: [2] session_start(): Cannot send session cache limiter - headers already sent (output started at /Users/lijiafu000/night/thinkphp3/index.php:31) /Users/lijiafu000/night/thinkphp3/ThinkPHP/Common/functions.php 第 1420 行.
INFO: [ view_parse ] --START--
INFO: Run Behavior\ParseTemplateBehavior [ RunTime:0.000122s ]
INFO: [ view_parse ] --END-- [ RunTime:0.000169s ]
INFO: [ view_filter ] --START--
INFO: Run Behavior\WriteHtmlCacheBehavior [ RunTime:0.000087s ]
INFO: [ view_filter ] --END-- [ RunTime:0.000129s ]
NOTIC: [2] Cannot modify header information - headers already sent by (output started at /Users/lijiafu000/night/thinkphp3/index.php:31) /Users/lijiafu000/night/thinkphp3/ThinkPHP/Library/Think/View.class.php 第 103 行.
NOTIC: [2] Cannot modify header information - headers already sent by (output started at /Users/lijiafu000/night/thinkphp3/index.php:31) /Users/lijiafu000/night/thinkphp3/ThinkPHP/Library/Think/View.class.php 第 104 行.
NOTIC: [2] Cannot modify header information - headers already sent by (output started at /Users/lijiafu000/night/thinkphp3/index.php:31) /Users/lijiafu000/night/thinkphp3/ThinkPHP/Library/Think/View.class.php 第 105 行.
INFO: [ app_end ] --START--
INFO: Run Behavior\ShowPageTraceBehavior [ RunTime:0.000243s ]
INFO: [ app_end ] --END-- [ RunTime:0.000291s ]

[ 2018-05-16T10:04:39+08:00 ] ::1 /thinkphp3/index.php
INFO: [ app_init ] --START--
INFO: Run Behavior\BuildLiteBehavior [ RunTime:0.000024s ]
INFO: [ app_init ] --END-- [ RunTime:0.000331s ]
INFO: [ app_begin ] --START--
INFO: Run Behavior\ReadHtmlCacheBehavior [ RunTime:0.000244s ]
INFO: [ app_begin ] --END-- [ RunTime:0.000294s ]
NOTIC: [2] session_start(): Cannot send session cache limiter - headers already sent (output started at /Users/lijiafu000/night/thinkphp3/index.php:31) /Users/lijiafu000/night/thinkphp3/ThinkPHP/Common/functions.php 第 1420 行.
INFO: [ view_parse ] --START--
INFO: Run Behavior\ParseTemplateBehavior [ RunTime:0.000123s ]
INFO: [ view_parse ] --END-- [ RunTime:0.000169s ]
INFO: [ view_filter ] --START--
INFO: Run Behavior\WriteHtmlCacheBehavior [ RunTime:0.000087s ]
INFO: [ view_filter ] --END-- [ RunTime:0.000128s ]
NOTIC: [2] Cannot modify header information - headers already sent by (output started at /Users/lijiafu000/night/thinkphp3/index.php:31) /Users/lijiafu000/night/thinkphp3/ThinkPHP/Library/Think/View.class.php 第 103 行.
NOTIC: [2] Cannot modify header information - headers already sent by (output started at /Users/lijiafu000/night/thinkphp3/index.php:31) /Users/lijiafu000/night/thinkphp3/ThinkPHP/Library/Think/View.class.php 第 104 行.
NOTIC: [2] Cannot modify header information - headers already sent by (output started at /Users/lijiafu000/night/thinkphp3/index.php:31) /Users/lijiafu000/night/thinkphp3/ThinkPHP/Library/Think/View.class.php 第 105 行.
INFO: [ app_end ] --START--
INFO: Run Behavior\ShowPageTraceBehavior [ RunTime:0.000250s ]
INFO: [ app_end ] --END-- [ RunTime:0.000297s ]

[ 2018-05-16T10:05:11+08:00 ] ::1 /thinkphp3/index.php
INFO: [ app_init ] --START--
INFO: Run Behavior\BuildLiteBehavior [ RunTime:0.000016s ]
INFO: [ app_init ] --END-- [ RunTime:0.000233s ]
INFO: [ app_begin ] --START--
INFO: Run Behavior\ReadHtmlCacheBehavior [ RunTime:0.000261s ]
INFO: [ app_begin ] --END-- [ RunTime:0.000314s ]
NOTIC: [2] session_start(): Cannot send session cache limiter - headers already sent (output started at /Users/lijiafu000/night/thinkphp3/index.php:31) /Users/lijiafu000/night/thinkphp3/ThinkPHP/Common/functions.php 第 1420 行.
INFO: [ view_parse ] --START--
INFO: Run Behavior\ParseTemplateBehavior [ RunTime:0.000150s ]
INFO: [ view_parse ] --END-- [ RunTime:0.000204s ]
INFO: [ view_filter ] --START--
INFO: Run Behavior\WriteHtmlCacheBehavior [ RunTime:0.000147s ]
INFO: [ view_filter ] --END-- [ RunTime:0.000195s ]
NOTIC: [2] Cannot modify header information - headers already sent by (output started at /Users/lijiafu000/night/thinkphp3/index.php:31) /Users/lijiafu000/night/thinkphp3/ThinkPHP/Library/Think/View.class.php 第 103 行.
NOTIC: [2] Cannot modify header information - headers already sent by (output started at /Users/lijiafu000/night/thinkphp3/index.php:31) /Users/lijiafu000/night/thinkphp3/ThinkPHP/Library/Think/View.class.php 第 104 行.
NOTIC: [2] Cannot modify header information - headers already sent by (output started at /Users/lijiafu000/night/thinkphp3/index.php:31) /Users/lijiafu000/night/thinkphp3/ThinkPHP/Library/Think/View.class.php 第 105 行.
INFO: [ app_end ] --START--
INFO: Run Behavior\ShowPageTraceBehavior [ RunTime:0.000308s ]
INFO: [ app_end ] --END-- [ RunTime:0.000365s ]

[ 2018-05-16T10:05:18+08:00 ] ::1 /thinkphp3/index.php
INFO: [ app_init ] --START--
INFO: Run Behavior\BuildLiteBehavior [ RunTime:0.000015s ]
INFO: [ app_init ] --END-- [ RunTime:0.000206s ]
INFO: [ app_begin ] --START--
INFO: Run Behavior\ReadHtmlCacheBehavior [ RunTime:0.000269s ]
INFO: [ app_begin ] --END-- [ RunTime:0.000322s ]
NOTIC: [2] session_start(): Cannot send session cache limiter - headers already sent (output started at /Users/lijiafu000/night/thinkphp3/index.php:31) /Users/lijiafu000/night/thinkphp3/ThinkPHP/Common/functions.php 第 1420 行.
INFO: [ view_parse ] --START--
INFO: Run Behavior\ParseTemplateBehavior [ RunTime:0.000139s ]
INFO: [ view_parse ] --END-- [ RunTime:0.000194s ]
INFO: [ view_filter ] --START--
INFO: Run Behavior\WriteHtmlCacheBehavior [ RunTime:0.000101s ]
INFO: [ view_filter ] --END-- [ RunTime:0.000150s ]
NOTIC: [2] Cannot modify header information - headers already sent by (output started at /Users/lijiafu000/night/thinkphp3/index.php:31) /Users/lijiafu000/night/thinkphp3/ThinkPHP/Library/Think/View.class.php 第 103 行.
NOTIC: [2] Cannot modify header information - headers already sent by (output started at /Users/lijiafu000/night/thinkphp3/index.php:31) /Users/lijiafu000/night/thinkphp3/ThinkPHP/Library/Think/View.class.php 第 104 行.
NOTIC: [2] Cannot modify header information - headers already sent by (output started at /Users/lijiafu000/night/thinkphp3/index.php:31) /Users/lijiafu000/night/thinkphp3/ThinkPHP/Library/Think/View.class.php 第 105 行.
INFO: [ app_end ] --START--
INFO: Run Behavior\ShowPageTraceBehavior [ RunTime:0.000297s ]
INFO: [ app_end ] --END-- [ RunTime:0.000350s ]

[ 2018-05-16T10:05:20+08:00 ] ::1 /thinkphp3/index.php
INFO: [ app_init ] --START--
INFO: Run Behavior\BuildLiteBehavior [ RunTime:0.000017s ]
INFO: [ app_init ] --END-- [ RunTime:0.000255s ]
INFO: [ app_begin ] --START--
INFO: Run Behavior\ReadHtmlCacheBehavior [ RunTime:0.000306s ]
INFO: [ app_begin ] --END-- [ RunTime:0.000368s ]
NOTIC: [2] session_start(): Cannot send session cache limiter - headers already sent (output started at /Users/lijiafu000/night/thinkphp3/index.php:31) /Users/lijiafu000/night/thinkphp3/ThinkPHP/Common/functions.php 第 1420 行.
INFO: [ view_parse ] --START--
INFO: Run Behavior\ParseTemplateBehavior [ RunTime:0.000317s ]
INFO: [ view_parse ] --END-- [ RunTime:0.000383s ]
INFO: [ view_filter ] --START--
INFO: Run Behavior\WriteHtmlCacheBehavior [ RunTime:0.000105s ]
INFO: [ view_filter ] --END-- [ RunTime:0.000151s ]
NOTIC: [2] Cannot modify header information - headers already sent by (output started at /Users/lijiafu000/night/thinkphp3/index.php:31) /Users/lijiafu000/night/thinkphp3/ThinkPHP/Library/Think/View.class.php 第 103 行.
NOTIC: [2] Cannot modify header information - headers already sent by (output started at /Users/lijiafu000/night/thinkphp3/index.php:31) /Users/lijiafu000/night/thinkphp3/ThinkPHP/Library/Think/View.class.php 第 104 行.
NOTIC: [2] Cannot modify header information - headers already sent by (output started at /Users/lijiafu000/night/thinkphp3/index.php:31) /Users/lijiafu000/night/thinkphp3/ThinkPHP/Library/Think/View.class.php 第 105 行.
INFO: [ app_end ] --START--
INFO: Run Behavior\ShowPageTraceBehavior [ RunTime:0.000268s ]
INFO: [ app_end ] --END-- [ RunTime:0.000314s ]

[ 2018-05-16T10:05:21+08:00 ] ::1 /thinkphp3/index.php
INFO: [ app_init ] --START--
INFO: Run Behavior\BuildLiteBehavior [ RunTime:0.000025s ]
INFO: [ app_init ] --END-- [ RunTime:0.000405s ]
INFO: [ app_begin ] --START--
INFO: Run Behavior\ReadHtmlCacheBehavior [ RunTime:0.000503s ]
INFO: [ app_begin ] --END-- [ RunTime:0.000574s ]
NOTIC: [2] session_start(): Cannot send session cache limiter - headers already sent (output started at /Users/lijiafu000/night/thinkphp3/index.php:31) /Users/lijiafu000/night/thinkphp3/ThinkPHP/Common/functions.php 第 1420 行.
INFO: [ view_parse ] --START--
INFO: Run Behavior\ParseTemplateBehavior [ RunTime:0.000129s ]
INFO: [ view_parse ] --END-- [ RunTime:0.000178s ]
INFO: [ view_filter ] --START--
INFO: Run Behavior\WriteHtmlCacheBehavior [ RunTime:0.000092s ]
INFO: [ view_filter ] --END-- [ RunTime:0.000134s ]
NOTIC: [2] Cannot modify header information - headers already sent by (output started at /Users/lijiafu000/night/thinkphp3/index.php:31) /Users/lijiafu000/night/thinkphp3/ThinkPHP/Library/Think/View.class.php 第 103 行.
NOTIC: [2] Cannot modify header information - headers already sent by (output started at /Users/lijiafu000/night/thinkphp3/index.php:31) /Users/lijiafu000/night/thinkphp3/ThinkPHP/Library/Think/View.class.php 第 104 行.
NOTIC: [2] Cannot modify header information - headers already sent by (output started at /Users/lijiafu000/night/thinkphp3/index.php:31) /Users/lijiafu000/night/thinkphp3/ThinkPHP/Library/Think/View.class.php 第 105 行.
INFO: [ app_end ] --START--
INFO: Run Behavior\ShowPageTraceBehavior [ RunTime:0.000264s ]
INFO: [ app_end ] --END-- [ RunTime:0.000311s ]

[ 2018-05-16T10:05:21+08:00 ] ::1 /thinkphp3/index.php
INFO: [ app_init ] --START--
INFO: Run Behavior\BuildLiteBehavior [ RunTime:0.000014s ]
INFO: [ app_init ] --END-- [ RunTime:0.000211s ]
INFO: [ app_begin ] --START--
INFO: Run Behavior\ReadHtmlCacheBehavior [ RunTime:0.000227s ]
INFO: [ app_begin ] --END-- [ RunTime:0.000275s ]
NOTIC: [2] session_start(): Cannot send session cache limiter - headers already sent (output started at /Users/lijiafu000/night/thinkphp3/index.php:31) /Users/lijiafu000/night/thinkphp3/ThinkPHP/Common/functions.php 第 1420 行.
INFO: [ view_parse ] --START--
INFO: Run Behavior\ParseTemplateBehavior [ RunTime:0.000126s ]
INFO: [ view_parse ] --END-- [ RunTime:0.000174s ]
INFO: [ view_filter ] --START--
INFO: Run Behavior\WriteHtmlCacheBehavior [ RunTime:0.000086s ]
INFO: [ view_filter ] --END-- [ RunTime:0.000127s ]
NOTIC: [2] Cannot modify header information - headers already sent by (output started at /Users/lijiafu000/night/thinkphp3/index.php:31) /Users/lijiafu000/night/thinkphp3/ThinkPHP/Library/Think/View.class.php 第 103 行.
NOTIC: [2] Cannot modify header information - headers already sent by (output started at /Users/lijiafu000/night/thinkphp3/index.php:31) /Users/lijiafu000/night/thinkphp3/ThinkPHP/Library/Think/View.class.php 第 104 行.
NOTIC: [2] Cannot modify header information - headers already sent by (output started at /Users/lijiafu000/night/thinkphp3/index.php:31) /Users/lijiafu000/night/thinkphp3/ThinkPHP/Library/Think/View.class.php 第 105 行.
INFO: [ app_end ] --START--
INFO: Run Behavior\ShowPageTraceBehavior [ RunTime:0.000248s ]
INFO: [ app_end ] --END-- [ RunTime:0.000291s ]

[ 2018-05-16T10:05:21+08:00 ] ::1 /thinkphp3/index.php
INFO: [ app_init ] --START--
INFO: Run Behavior\BuildLiteBehavior [ RunTime:0.000015s ]
INFO: [ app_init ] --END-- [ RunTime:0.000205s ]
INFO: [ app_begin ] --START--
INFO: Run Behavior\ReadHtmlCacheBehavior [ RunTime:0.000225s ]
INFO: [ app_begin ] --END-- [ RunTime:0.000273s ]
NOTIC: [2] session_start(): Cannot send session cache limiter - headers already sent (output started at /Users/lijiafu000/night/thinkphp3/index.php:31) /Users/lijiafu000/night/thinkphp3/ThinkPHP/Common/functions.php 第 1420 行.
INFO: [ view_parse ] --START--
INFO: Run Behavior\ParseTemplateBehavior [ RunTime:0.000120s ]
INFO: [ view_parse ] --END-- [ RunTime:0.000166s ]
INFO: [ view_filter ] --START--
INFO: Run Behavior\WriteHtmlCacheBehavior [ RunTime:0.000086s ]
INFO: [ view_filter ] --END-- [ RunTime:0.000127s ]
NOTIC: [2] Cannot modify header information - headers already sent by (output started at /Users/lijiafu000/night/thinkphp3/index.php:31) /Users/lijiafu000/night/thinkphp3/ThinkPHP/Library/Think/View.class.php 第 103 行.
NOTIC: [2] Cannot modify header information - headers already sent by (output started at /Users/lijiafu000/night/thinkphp3/index.php:31) /Users/lijiafu000/night/thinkphp3/ThinkPHP/Library/Think/View.class.php 第 104 行.
NOTIC: [2] Cannot modify header information - headers already sent by (output started at /Users/lijiafu000/night/thinkphp3/index.php:31) /Users/lijiafu000/night/thinkphp3/ThinkPHP/Library/Think/View.class.php 第 105 行.
INFO: [ app_end ] --START--
INFO: Run Behavior\ShowPageTraceBehavior [ RunTime:0.000244s ]
INFO: [ app_end ] --END-- [ RunTime:0.000292s ]

[ 2018-05-16T10:12:01+08:00 ] ::1 /thinkphp3/index.php
INFO: [ app_init ] --START--
INFO: Run Behavior\BuildLiteBehavior [ RunTime:0.000020s ]
INFO: [ app_init ] --END-- [ RunTime:0.000283s ]
INFO: [ app_begin ] --START--
INFO: Run Behavior\ReadHtmlCacheBehavior [ RunTime:0.000295s ]
INFO: [ app_begin ] --END-- [ RunTime:0.000356s ]
NOTIC: [2] session_start(): Cannot send session cache limiter - headers already sent (output started at /Users/lijiafu000/night/thinkphp3/index.php:31) /Users/lijiafu000/night/thinkphp3/ThinkPHP/Common/functions.php 第 1420 行.
INFO: [ view_parse ] --START--
INFO: Run Behavior\ParseTemplateBehavior [ RunTime:0.000182s ]
INFO: [ view_parse ] --END-- [ RunTime:0.000246s ]
INFO: [ view_filter ] --START--
INFO: Run Behavior\WriteHtmlCacheBehavior [ RunTime:0.000124s ]
INFO: [ view_filter ] --END-- [ RunTime:0.000174s ]
NOTIC: [2] Cannot modify header information - headers already sent by (output started at /Users/lijiafu000/night/thinkphp3/index.php:31) /Users/lijiafu000/night/thinkphp3/ThinkPHP/Library/Think/View.class.php 第 103 行.
NOTIC: [2] Cannot modify header information - headers already sent by (output started at /Users/lijiafu000/night/thinkphp3/index.php:31) /Users/lijiafu000/night/thinkphp3/ThinkPHP/Library/Think/View.class.php 第 104 行.
NOTIC: [2] Cannot modify header information - headers already sent by (output started at /Users/lijiafu000/night/thinkphp3/index.php:31) /Users/lijiafu000/night/thinkphp3/ThinkPHP/Library/Think/View.class.php 第 105 行.
INFO: [ app_end ] --START--
INFO: Run Behavior\ShowPageTraceBehavior [ RunTime:0.000329s ]
INFO: [ app_end ] --END-- [ RunTime:0.000382s ]

[ 2018-05-16T10:15:14+08:00 ] ::1 /thinkphp3/index.php
INFO: [ app_init ] --START--
INFO: Run Behavior\BuildLiteBehavior [ RunTime:0.000016s ]
INFO: [ app_init ] --END-- [ RunTime:0.000214s ]
INFO: [ app_begin ] --START--
INFO: Run Behavior\ReadHtmlCacheBehavior [ RunTime:0.000231s ]
INFO: [ app_begin ] --END-- [ RunTime:0.000298s ]
NOTIC: [2] session_start(): Cannot send session cache limiter - headers already sent (output started at /Users/lijiafu000/night/thinkphp3/index.php:31) /Users/lijiafu000/night/thinkphp3/ThinkPHP/Common/functions.php 第 1420 行.
INFO: [ view_parse ] --START--
INFO: Run Behavior\ParseTemplateBehavior [ RunTime:0.000137s ]
INFO: [ view_parse ] --END-- [ RunTime:0.000186s ]
INFO: [ view_filter ] --START--
INFO: Run Behavior\WriteHtmlCacheBehavior [ RunTime:0.000093s ]
INFO: [ view_filter ] --END-- [ RunTime:0.000137s ]
NOTIC: [2] Cannot modify header information - headers already sent by (output started at /Users/lijiafu000/night/thinkphp3/index.php:31) /Users/lijiafu000/night/thinkphp3/ThinkPHP/Library/Think/View.class.php 第 103 行.
NOTIC: [2] Cannot modify header information - headers already sent by (output started at /Users/lijiafu000/night/thinkphp3/index.php:31) /Users/lijiafu000/night/thinkphp3/ThinkPHP/Library/Think/View.class.php 第 104 行.
NOTIC: [2] Cannot modify header information - headers already sent by (output started at /Users/lijiafu000/night/thinkphp3/index.php:31) /Users/lijiafu000/night/thinkphp3/ThinkPHP/Library/Think/View.class.php 第 105 行.
INFO: [ app_end ] --START--
INFO: Run Behavior\ShowPageTraceBehavior [ RunTime:0.000252s ]
INFO: [ app_end ] --END-- [ RunTime:0.000298s ]

[ 2018-05-16T10:15:25+08:00 ] ::1 /thinkphp3/index.php
INFO: [ app_init ] --START--
INFO: Run Behavior\BuildLiteBehavior [ RunTime:0.000017s ]
INFO: [ app_init ] --END-- [ RunTime:0.000307s ]
INFO: [ app_begin ] --START--
INFO: Run Behavior\ReadHtmlCacheBehavior [ RunTime:0.000271s ]
INFO: [ app_begin ] --END-- [ RunTime:0.000335s ]
NOTIC: [2] session_start(): Cannot send session cache limiter - headers already sent (output started at /Users/lijiafu000/night/thinkphp3/index.php:31) /Users/lijiafu000/night/thinkphp3/ThinkPHP/Common/functions.php 第 1420 行.
INFO: [ view_parse ] --START--
INFO: Run Behavior\ParseTemplateBehavior [ RunTime:0.000139s ]
INFO: [ view_parse ] --END-- [ RunTime:0.000201s ]
INFO: [ view_filter ] --START--
INFO: Run Behavior\WriteHtmlCacheBehavior [ RunTime:0.000097s ]
INFO: [ view_filter ] --END-- [ RunTime:0.000139s ]
NOTIC: [2] Cannot modify header information - headers already sent by (output started at /Users/lijiafu000/night/thinkphp3/index.php:31) /Users/lijiafu000/night/thinkphp3/ThinkPHP/Library/Think/View.class.php 第 103 行.
NOTIC: [2] Cannot modify header information - headers already sent by (output started at /Users/lijiafu000/night/thinkphp3/index.php:31) /Users/lijiafu000/night/thinkphp3/ThinkPHP/Library/Think/View.class.php 第 104 行.
NOTIC: [2] Cannot modify header information - headers already sent by (output started at /Users/lijiafu000/night/thinkphp3/index.php:31) /Users/lijiafu000/night/thinkphp3/ThinkPHP/Library/Think/View.class.php 第 105 行.
INFO: [ app_end ] --START--
INFO: Run Behavior\ShowPageTraceBehavior [ RunTime:0.000274s ]
INFO: [ app_end ] --END-- [ RunTime:0.000319s ]

[ 2018-05-16T10:15:25+08:00 ] ::1 /thinkphp3/index.php
INFO: [ app_init ] --START--
INFO: Run Behavior\BuildLiteBehavior [ RunTime:0.000015s ]
INFO: [ app_init ] --END-- [ RunTime:0.000207s ]
INFO: [ app_begin ] --START--
INFO: Run Behavior\ReadHtmlCacheBehavior [ RunTime:0.000225s ]
INFO: [ app_begin ] --END-- [ RunTime:0.000274s ]
NOTIC: [2] session_start(): Cannot send session cache limiter - headers already sent (output started at /Users/lijiafu000/night/thinkphp3/index.php:31) /Users/lijiafu000/night/thinkphp3/ThinkPHP/Common/functions.php 第 1420 行.
INFO: [ view_parse ] --START--
INFO: Run Behavior\ParseTemplateBehavior [ RunTime:0.000119s ]
INFO: [ view_parse ] --END-- [ RunTime:0.000167s ]
INFO: [ view_filter ] --START--
INFO: Run Behavior\WriteHtmlCacheBehavior [ RunTime:0.000087s ]
INFO: [ view_filter ] --END-- [ RunTime:0.000128s ]
NOTIC: [2] Cannot modify header information - headers already sent by (output started at /Users/lijiafu000/night/thinkphp3/index.php:31) /Users/lijiafu000/night/thinkphp3/ThinkPHP/Library/Think/View.class.php 第 103 行.
NOTIC: [2] Cannot modify header information - headers already sent by (output started at /Users/lijiafu000/night/thinkphp3/index.php:31) /Users/lijiafu000/night/thinkphp3/ThinkPHP/Library/Think/View.class.php 第 104 行.
NOTIC: [2] Cannot modify header information - headers already sent by (output started at /Users/lijiafu000/night/thinkphp3/index.php:31) /Users/lijiafu000/night/thinkphp3/ThinkPHP/Library/Think/View.class.php 第 105 行.
INFO: [ app_end ] --START--
INFO: Run Behavior\ShowPageTraceBehavior [ RunTime:0.000248s ]
INFO: [ app_end ] --END-- [ RunTime:0.000294s ]

[ 2018-05-16T10:15:25+08:00 ] ::1 /thinkphp3/index.php
INFO: [ app_init ] --START--
INFO: Run Behavior\BuildLiteBehavior [ RunTime:0.000016s ]
INFO: [ app_init ] --END-- [ RunTime:0.000207s ]
INFO: [ app_begin ] --START--
INFO: Run Behavior\ReadHtmlCacheBehavior [ RunTime:0.000227s ]
INFO: [ app_begin ] --END-- [ RunTime:0.000276s ]
NOTIC: [2] session_start(): Cannot send session cache limiter - headers already sent (output started at /Users/lijiafu000/night/thinkphp3/index.php:31) /Users/lijiafu000/night/thinkphp3/ThinkPHP/Common/functions.php 第 1420 行.
INFO: [ view_parse ] --START--
INFO: Run Behavior\ParseTemplateBehavior [ RunTime:0.000121s ]
INFO: [ view_parse ] --END-- [ RunTime:0.000168s ]
INFO: [ view_filter ] --START--
INFO: Run Behavior\WriteHtmlCacheBehavior [ RunTime:0.000087s ]
INFO: [ view_filter ] --END-- [ RunTime:0.000129s ]
NOTIC: [2] Cannot modify header information - headers already sent by (output started at /Users/lijiafu000/night/thinkphp3/index.php:31) /Users/lijiafu000/night/thinkphp3/ThinkPHP/Library/Think/View.class.php 第 103 行.
NOTIC: [2] Cannot modify header information - headers already sent by (output started at /Users/lijiafu000/night/thinkphp3/index.php:31) /Users/lijiafu000/night/thinkphp3/ThinkPHP/Library/Think/View.class.php 第 104 行.
NOTIC: [2] Cannot modify header information - headers already sent by (output started at /Users/lijiafu000/night/thinkphp3/index.php:31) /Users/lijiafu000/night/thinkphp3/ThinkPHP/Library/Think/View.class.php 第 105 行.
INFO: [ app_end ] --START--
INFO: Run Behavior\ShowPageTraceBehavior [ RunTime:0.000246s ]
INFO: [ app_end ] --END-- [ RunTime:0.000293s ]

[ 2018-05-16T10:15:26+08:00 ] ::1 /thinkphp3/index.php
INFO: [ app_init ] --START--
INFO: Run Behavior\BuildLiteBehavior [ RunTime:0.000016s ]
INFO: [ app_init ] --END-- [ RunTime:0.000351s ]
INFO: [ app_begin ] --START--
INFO: Run Behavior\ReadHtmlCacheBehavior [ RunTime:0.000243s ]
INFO: [ app_begin ] --END-- [ RunTime:0.000291s ]
NOTIC: [2] session_start(): Cannot send session cache limiter - headers already sent (output started at /Users/lijiafu000/night/thinkphp3/index.php:31) /Users/lijiafu000/night/thinkphp3/ThinkPHP/Common/functions.php 第 1420 行.
INFO: [ view_parse ] --START--
INFO: Run Behavior\ParseTemplateBehavior [ RunTime:0.000123s ]
INFO: [ view_parse ] --END-- [ RunTime:0.000170s ]
INFO: [ view_filter ] --START--
INFO: Run Behavior\WriteHtmlCacheBehavior [ RunTime:0.000105s ]
INFO: [ view_filter ] --END-- [ RunTime:0.000150s ]
NOTIC: [2] Cannot modify header information - headers already sent by (output started at /Users/lijiafu000/night/thinkphp3/index.php:31) /Users/lijiafu000/night/thinkphp3/ThinkPHP/Library/Think/View.class.php 第 103 行.
NOTIC: [2] Cannot modify header information - headers already sent by (output started at /Users/lijiafu000/night/thinkphp3/index.php:31) /Users/lijiafu000/night/thinkphp3/ThinkPHP/Library/Think/View.class.php 第 104 行.
NOTIC: [2] Cannot modify header information - headers already sent by (output started at /Users/lijiafu000/night/thinkphp3/index.php:31) /Users/lijiafu000/night/thinkphp3/ThinkPHP/Library/Think/View.class.php 第 105 行.
INFO: [ app_end ] --START--
INFO: Run Behavior\ShowPageTraceBehavior [ RunTime:0.000288s ]
INFO: [ app_end ] --END-- [ RunTime:0.000340s ]

[ 2018-05-16T10:15:26+08:00 ] ::1 /thinkphp3/index.php
INFO: [ app_init ] --START--
INFO: Run Behavior\BuildLiteBehavior [ RunTime:0.000016s ]
INFO: [ app_init ] --END-- [ RunTime:0.000209s ]
INFO: [ app_begin ] --START--
INFO: Run Behavior\ReadHtmlCacheBehavior [ RunTime:0.000229s ]
INFO: [ app_begin ] --END-- [ RunTime:0.000277s ]
NOTIC: [2] session_start(): Cannot send session cache limiter - headers already sent (output started at /Users/lijiafu000/night/thinkphp3/index.php:31) /Users/lijiafu000/night/thinkphp3/ThinkPHP/Common/functions.php 第 1420 行.
INFO: [ view_parse ] --START--
INFO: Run Behavior\ParseTemplateBehavior [ RunTime:0.000121s ]
INFO: [ view_parse ] --END-- [ RunTime:0.000168s ]
INFO: [ view_filter ] --START--
INFO: Run Behavior\WriteHtmlCacheBehavior [ RunTime:0.000087s ]
INFO: [ view_filter ] --END-- [ RunTime:0.000129s ]
NOTIC: [2] Cannot modify header information - headers already sent by (output started at /Users/lijiafu000/night/thinkphp3/index.php:31) /Users/lijiafu000/night/thinkphp3/ThinkPHP/Library/Think/View.class.php 第 103 行.
NOTIC: [2] Cannot modify header information - headers already sent by (output started at /Users/lijiafu000/night/thinkphp3/index.php:31) /Users/lijiafu000/night/thinkphp3/ThinkPHP/Library/Think/View.class.php 第 104 行.
NOTIC: [2] Cannot modify header information - headers already sent by (output started at /Users/lijiafu000/night/thinkphp3/index.php:31) /Users/lijiafu000/night/thinkphp3/ThinkPHP/Library/Think/View.class.php 第 105 行.
INFO: [ app_end ] --START--
INFO: Run Behavior\ShowPageTraceBehavior [ RunTime:0.000245s ]
INFO: [ app_end ] --END-- [ RunTime:0.000292s ]

[ 2018-05-16T10:30:29+08:00 ] ::1 /thinkphp3/index.php
INFO: [ app_init ] --START--
INFO: Run Behavior\BuildLiteBehavior [ RunTime:0.000015s ]
INFO: [ app_init ] --END-- [ RunTime:0.000207s ]
INFO: [ app_begin ] --START--
INFO: Run Behavior\ReadHtmlCacheBehavior [ RunTime:0.000278s ]
INFO: [ app_begin ] --END-- [ RunTime:0.000347s ]
NOTIC: [2] session_start(): Cannot send session cache limiter - headers already sent (output started at /Users/lijiafu000/night/thinkphp3/index.php:28) /Users/lijiafu000/night/thinkphp3/ThinkPHP/Common/functions.php 第 1420 行.
INFO: [ view_parse ] --START--
INFO: Run Behavior\ParseTemplateBehavior [ RunTime:0.000239s ]
INFO: [ view_parse ] --END-- [ RunTime:0.000306s ]
INFO: [ view_filter ] --START--
INFO: Run Behavior\WriteHtmlCacheBehavior [ RunTime:0.000111s ]
INFO: [ view_filter ] --END-- [ RunTime:0.000155s ]
NOTIC: [2] Cannot modify header information - headers already sent by (output started at /Users/lijiafu000/night/thinkphp3/index.php:28) /Users/lijiafu000/night/thinkphp3/ThinkPHP/Library/Think/View.class.php 第 103 行.
NOTIC: [2] Cannot modify header information - headers already sent by (output started at /Users/lijiafu000/night/thinkphp3/index.php:28) /Users/lijiafu000/night/thinkphp3/ThinkPHP/Library/Think/View.class.php 第 104 行.
NOTIC: [2] Cannot modify header information - headers already sent by (output started at /Users/lijiafu000/night/thinkphp3/index.php:28) /Users/lijiafu000/night/thinkphp3/ThinkPHP/Library/Think/View.class.php 第 105 行.
INFO: [ app_end ] --START--
INFO: Run Behavior\ShowPageTraceBehavior [ RunTime:0.000274s ]
INFO: [ app_end ] --END-- [ RunTime:0.000320s ]

[ 2018-05-16T10:30:43+08:00 ] ::1 /thinkphp3/index.php
INFO: [ app_init ] --START--
INFO: Run Behavior\BuildLiteBehavior [ RunTime:0.000016s ]
INFO: [ app_init ] --END-- [ RunTime:0.000217s ]
INFO: [ app_begin ] --START--
INFO: Run Behavior\ReadHtmlCacheBehavior [ RunTime:0.000306s ]
INFO: [ app_begin ] --END-- [ RunTime:0.000358s ]
INFO: [ view_parse ] --START--
INFO: Run Behavior\ParseTemplateBehavior [ RunTime:0.000133s ]
INFO: [ view_parse ] --END-- [ RunTime:0.000181s ]
INFO: [ view_filter ] --START--
INFO: Run Behavior\WriteHtmlCacheBehavior [ RunTime:0.000092s ]
INFO: [ view_filter ] --END-- [ RunTime:0.000135s ]
INFO: [ app_end ] --START--
INFO: Run Behavior\ShowPageTraceBehavior [ RunTime:0.000257s ]
INFO: [ app_end ] --END-- [ RunTime:0.000304s ]

[ 2018-05-16T10:31:14+08:00 ] ::1 /thinkphp3/index.php
INFO: [ app_init ] --START--
INFO: Run Behavior\BuildLiteBehavior [ RunTime:0.000015s ]
INFO: [ app_init ] --END-- [ RunTime:0.000210s ]
INFO: [ app_begin ] --START--
INFO: Run Behavior\ReadHtmlCacheBehavior [ RunTime:0.000239s ]
INFO: [ app_begin ] --END-- [ RunTime:0.000289s ]
NOTIC: [2] session_start(): Cannot send session cache limiter - headers already sent (output started at /Users/lijiafu000/night/thinkphp3/index.php:29) /Users/lijiafu000/night/thinkphp3/ThinkPHP/Common/functions.php 第 1420 行.
INFO: [ view_parse ] --START--
INFO: Run Behavior\ParseTemplateBehavior [ RunTime:0.000135s ]
INFO: [ view_parse ] --END-- [ RunTime:0.000183s ]
INFO: [ view_filter ] --START--
INFO: Run Behavior\WriteHtmlCacheBehavior [ RunTime:0.000091s ]
INFO: [ view_filter ] --END-- [ RunTime:0.000135s ]
NOTIC: [2] Cannot modify header information - headers already sent by (output started at /Users/lijiafu000/night/thinkphp3/index.php:29) /Users/lijiafu000/night/thinkphp3/ThinkPHP/Library/Think/View.class.php 第 103 行.
NOTIC: [2] Cannot modify header information - headers already sent by (output started at /Users/lijiafu000/night/thinkphp3/index.php:29) /Users/lijiafu000/night/thinkphp3/ThinkPHP/Library/Think/View.class.php 第 104 行.
NOTIC: [2] Cannot modify header information - headers already sent by (output started at /Users/lijiafu000/night/thinkphp3/index.php:29) /Users/lijiafu000/night/thinkphp3/ThinkPHP/Library/Think/View.class.php 第 105 行.
INFO: [ app_end ] --START--
INFO: Run Behavior\ShowPageTraceBehavior [ RunTime:0.000250s ]
INFO: [ app_end ] --END-- [ RunTime:0.000297s ]

[ 2018-05-16T10:31:31+08:00 ] ::1 /thinkphp3/index.php
INFO: [ app_init ] --START--
INFO: Run Behavior\BuildLiteBehavior [ RunTime:0.000017s ]
INFO: [ app_init ] --END-- [ RunTime:0.000264s ]
INFO: [ app_begin ] --START--
INFO: Run Behavior\ReadHtmlCacheBehavior [ RunTime:0.000381s ]
INFO: [ app_begin ] --END-- [ RunTime:0.000443s ]
INFO: [ view_parse ] --START--
INFO: Run Behavior\ParseTemplateBehavior [ RunTime:0.000139s ]
INFO: [ view_parse ] --END-- [ RunTime:0.000206s ]
INFO: [ view_filter ] --START--
INFO: Run Behavior\WriteHtmlCacheBehavior [ RunTime:0.000094s ]
INFO: [ view_filter ] --END-- [ RunTime:0.000139s ]
INFO: [ app_end ] --START--
INFO: Run Behavior\ShowPageTraceBehavior [ RunTime:0.000270s ]
INFO: [ app_end ] --END-- [ RunTime:0.000316s ]

[ 2018-05-16T10:41:13+08:00 ] ::1 /thinkphp3/index.php
INFO: [ app_init ] --START--
INFO: Run Behavior\BuildLiteBehavior [ RunTime:0.000015s ]
INFO: [ app_init ] --END-- [ RunTime:0.000246s ]
INFO: [ app_begin ] --START--
INFO: Run Behavior\ReadHtmlCacheBehavior [ RunTime:0.000239s ]
INFO: [ app_begin ] --END-- [ RunTime:0.000288s ]
INFO: [ view_parse ] --START--
INFO: Run Behavior\ParseTemplateBehavior [ RunTime:0.000128s ]
INFO: [ view_parse ] --END-- [ RunTime:0.000176s ]
INFO: [ view_filter ] --START--
INFO: Run Behavior\WriteHtmlCacheBehavior [ RunTime:0.000091s ]
INFO: [ view_filter ] --END-- [ RunTime:0.000133s ]
INFO: [ app_end ] --START--
INFO: Run Behavior\ShowPageTraceBehavior [ RunTime:0.000255s ]
INFO: [ app_end ] --END-- [ RunTime:0.000300s ]

