[ 2018-05-15T08:57:01+08:00 ] ::1 /thinkphp3/index.php/Admin/Admin/index
INFO: [ app_init ] --START--
INFO: Run Behavior\BuildLiteBehavior [ RunTime:0.001523s ]
INFO: [ app_init ] --END-- [ RunTime:0.004741s ]
INFO: [ app_begin ] --START--
INFO: Run Behavior\ReadHtmlCacheBehavior [ RunTime:0.000838s ]
INFO: [ app_begin ] --END-- [ RunTime:0.000970s ]
NOTIC: [8] Use of undefined constant regex - assumed 'regex' /Users/lijiafu000/night/thinkphp3/ThinkPHP/Common/functions.php 第 656 行.
ERR: 无法加载数据库驱动: Think\Db\Driver\

[ 2018-05-15T09:13:24+08:00 ] ::1 /thinkphp3/index.php/Admin/Admin/index
INFO: [ app_init ] --START--
INFO: Run Behavior\BuildLiteBehavior [ RunTime:0.000020s ]
INFO: [ app_init ] --END-- [ RunTime:0.000302s ]
INFO: [ app_begin ] --START--
INFO: Run Behavior\ReadHtmlCacheBehavior [ RunTime:0.000269s ]
INFO: [ app_begin ] --END-- [ RunTime:0.000325s ]
NOTIC: [8] Use of undefined constant regex - assumed 'regex' /Users/lijiafu000/night/thinkphp3/ThinkPHP/Common/functions.php 第 656 行.
ERR: 无法加载数据库驱动: Think\Db\Driver\

[ 2018-05-15T09:13:56+08:00 ] ::1 /thinkphp3/index.php/Admin/Admin/index
INFO: [ app_init ] --START--
INFO: Run Behavior\BuildLiteBehavior [ RunTime:0.000018s ]
INFO: [ app_init ] --END-- [ RunTime:0.000302s ]
INFO: [ app_begin ] --START--
INFO: Run Behavior\ReadHtmlCacheBehavior [ RunTime:0.000254s ]
INFO: [ app_begin ] --END-- [ RunTime:0.000305s ]
NOTIC: [8] Use of undefined constant regex - assumed 'regex' /Users/lijiafu000/night/thinkphp3/ThinkPHP/Common/functions.php 第 656 行.
ERR: 无法加载数据库驱动: Think\Db\Driver\

